#
# A fatal error has been detected by the Java Runtime Environment:
#
#  SIGSEGV (0xb) at pc=0x00007f317f20d0a0, pid=1145444, tid=1145445
#
# JRE version:  (17.0.3+7) (build )
# Java VM: OpenJDK 64-Bit Server VM (17.0.3+7, mixed mode, tiered, compressed oops, compressed class ptrs, g1 gc, linux-amd64)
# Problematic frame:
# V  [libjvm.so+0xc2c0a0]  PackageEntryTable::lookup_only(Symbol*)+0x80
#
# Core dump will be written. Default location: Core dumps may be processed with "/usr/lib/systemd/systemd-coredump %P %u %g %s %t %c %h" (or dumping to /home/guaruda/HD1/code/JOX/core.1145444)
#
#

---------------  S U M M A R Y ------------

Command Line: -Dapplication.home=/home/guaruda/.vscode/extensions/redhat.java-1.7.0-linux-x64/jre/17.0.3-linux-x86_64 -Xms8m -Djdk.module.main=jdk.jcmd jdk.jcmd/sun.tools.jcmd.JCmd 1131948 VM.uptime

Host: Intel(R) Core(TM) i7-7700 CPU @ 3.60GHz, 8 cores, 15G, Garuda Linux
Time: Thu Jun 16 20:28:13 2022 -03 elapsed time: 0.066587 seconds (0d 0h 0m 0s)

---------------  T H R E A D  ---------------

Current thread (0x00007f3178024280):  JavaThread "Unknown thread" [_thread_in_vm, id=1145445, stack(0x00007f317e3f4000,0x00007f317e4f4000)]

Stack: [0x00007f317e3f4000,0x00007f317e4f4000],  sp=0x00007f317e4f26d0,  free space=1017k
Native frames: (J=compiled Java code, j=interpreted, Vv=VM code, C=native code)
V  [libjvm.so+0xc2c0a0]  PackageEntryTable::lookup_only(Symbol*)+0x80
V  [libjvm.so+0xe0c61d]  SystemDictionary::load_instance_class_impl(Symbol*, Handle, JavaThread*)+0x21d
V  [libjvm.so+0xe0ac98]  SystemDictionary::load_instance_class(unsigned int, Symbol*, Handle, JavaThread*)+0x28
V  [libjvm.so+0xe0b828]  SystemDictionary::resolve_instance_class_or_null(Symbol*, Handle, Handle, JavaThread*)+0xa68
V  [libjvm.so+0xe0ceb6]  SystemDictionary::resolve_or_fail(Symbol*, Handle, Handle, bool, JavaThread*)+0x66
V  [libjvm.so+0xecf288]  vmClasses::resolve(vmClassID, JavaThread*)+0x88
V  [libjvm.so+0xecf59b]  vmClasses::resolve_all(JavaThread*)+0x1cb
V  [libjvm.so+0xe067f3]  SystemDictionary::initialize(JavaThread*)+0xf3
V  [libjvm.so+0xe806d5]  Universe::genesis(JavaThread*)+0x265
V  [libjvm.so+0xe81d54]  universe2_init()+0x24
V  [libjvm.so+0x7f4ce8]  init_globals()+0x78
V  [libjvm.so+0xe59db0]  Threads::create_vm(JavaVMInitArgs*, bool*)+0x3a0
V  [libjvm.so+0x8b1212]  JNI_CreateJavaVM+0x52
C  [libjli.so+0x4a1f]  JavaMain+0x8f
C  [libjli.so+0x8e79]  ThreadJavaMain+0x9


siginfo: si_signo: 11 (SIGSEGV), si_code: 1 (SEGV_MAPERR), si_addr: 0x0000000000000110

Registers:
RAX=0x00007f31780de618, RBX=0x00007f3178131150, RCX=0x0000000000000006, RDX=0x000000000000005d
RSP=0x00007f317e4f26d0, RBP=0x00007f317e4f26f0, RSI=0x000000000000199e, RDI=0x00007f3178020b18
R8 =0x000000006ed3199e, R9 =0x00007f31781249e0, R10=0x00007f31780209b0, R11=0x0000000000000000
R12=0x0000000000000100, R13=0x00007f3178020b10, R14=0x00007f317c05f7a8, R15=0x00007f31780de190
RIP=0x00007f317f20d0a0, EFLAGS=0x0000000000010206, CSGSFS=0x002b000000000033, ERR=0x0000000000000004
  TRAPNO=0x000000000000000e

Top of Stack: (sp=0x00007f317e4f26d0)
0x00007f317e4f26d0:   0000000000000000 00007f3178024850
0x00007f317e4f26e0:   0000000000000000 00007f3178024280
0x00007f317e4f26f0:   00007f317e4f27d0 00007f317f3ed61d
0x00007f317e4f2700:   00007f3178024280 00007f3178024280 

Instructions: (pc=0x00007f317f20d0a0)
0x00007f317f20cfa0:   c1 e2 08 0f b7 c9 31 ca 41 8b 08 c1 ee 10 83 c1
0x00007f317f20cfb0:   03 48 d3 eb 31 d3 31 d2 89 d8 c1 e0 10 09 f0 41
0x00007f317f20cfc0:   f7 36 48 63 c2 49 8b 56 08 48 c1 e0 03 48 01 c2
0x00007f317f20cfd0:   48 8b 12 49 89 54 24 08 49 03 46 08 4c 89 20 41
0x00007f317f20cfe0:   8b 46 14 49 8d 7e 18 83 c0 01 41 89 46 14 e8 9d
0x00007f317f20cff0:   d0 1e 00 4d 85 ff 74 08 4c 89 ff e8 a0 eb f9 ff
0x00007f317f20d000:   48 83 c4 08 4c 89 e0 5b 41 5c 41 5d 41 5e 41 5f
0x00007f317f20d010:   5d c3 66 66 2e 0f 1f 84 00 00 00 00 00 0f 1f 00
0x00007f317f20d020:   55 48 89 e5 41 55 41 54 49 89 fc 53 48 89 f3 48
0x00007f317f20d030:   83 ec 08 48 8d 05 c6 1a 6e 00 4c 8b 28 4d 85 ed
0x00007f317f20d040:   74 08 4c 89 ef e8 b6 e9 f9 ff 0f b7 4b 06 0f b7
0x00007f317f20d050:   53 04 48 8d 05 cb 3c 68 00 8b 33 66 c1 c1 08 c1
0x00007f317f20d060:   e2 08 0f b7 c9 c1 ee 10 31 ca 8b 08 48 89 d8 83
0x00007f317f20d070:   c1 03 48 d3 e8 31 d0 31 d2 c1 e0 10 09 f0 41 f7
0x00007f317f20d080:   34 24 49 8b 44 24 08 48 63 d2 48 8d 04 d0 4c 8b
0x00007f317f20d090:   20 4d 85 e4 74 1b 66 2e 0f 1f 84 00 00 00 00 00
0x00007f317f20d0a0:   49 39 5c 24 10 74 0a 4d 8b 64 24 08 4d 85 e4 75
0x00007f317f20d0b0:   ef 4d 85 ed 74 08 4c 89 ef e8 e2 ea f9 ff 48 83
0x00007f317f20d0c0:   c4 08 4c 89 e0 5b 41 5c 41 5d 5d c3 0f 1f 40 00
0x00007f317f20d0d0:   0f b7 4e 06 0f b7 56 04 48 8d 05 45 3c 68 00 44
0x00007f317f20d0e0:   8b 06 66 c1 c1 08 c1 e2 08 0f b7 c9 41 c1 e8 10
0x00007f317f20d0f0:   31 ca 8b 08 48 89 f0 83 c1 03 48 d3 e8 31 d0 31
0x00007f317f20d100:   d2 c1 e0 10 44 09 c0 f7 37 48 8b 47 08 48 63 d2
0x00007f317f20d110:   48 8d 04 d0 48 8b 00 48 85 c0 74 13 0f 1f 40 00
0x00007f317f20d120:   48 39 70 10 74 09 48 8b 40 08 48 85 c0 75 f1 c3
0x00007f317f20d130:   8b 07 85 c0 0f 8e 33 01 00 00 55 48 89 e5 41 57
0x00007f317f20d140:   49 89 ff 41 56 41 55 49 89 f5 41 54 45 31 e4 53
0x00007f317f20d150:   48 83 ec 38 0f 1f 40 00 49 8b 47 08 4a 8d 04 e0
0x00007f317f20d160:   4c 8b 30 4d 85 f6 74 30 0f 1f 84 00 00 00 00 00
0x00007f317f20d170:   49 8b 46 18 48 85 c0 74 16 48 8b 40 10 48 85 c0
0x00007f317f20d180:   74 0d 48 8d 35 f7 c3 6e 00 48 3b 46 08 74 21 4d
0x00007f317f20d190:   8b 76 08 4d 85 f6 75 d8 49 83 c4 01 45 39 27 7f 



---------------  P R O C E S S  ---------------

Threads class SMR info:
_java_thread_list=0x00007f317f910360, length=0, elements={
}

Java Threads: ( => current thread )

Other Threads:
  0x00007f317808fbf0 GCTaskThread "GC Thread#0" [stack: 0x00007f317c0fc000,0x00007f317c1fc000] [id=1145446]
  0x00007f31780a0af0 ConcurrentGCThread "G1 Main Marker" [stack: 0x00007f315e632000,0x00007f315e732000] [id=1145447]
  0x00007f31780a1a50 ConcurrentGCThread "G1 Conc#0" [stack: 0x00007f315e530000,0x00007f315e630000] [id=1145448]
  0x00007f31780c98e0 ConcurrentGCThread "G1 Refine#0" [stack: 0x00007f314fbfd000,0x00007f314fcfd000] [id=1145449]
  0x00007f31780ca7d0 ConcurrentGCThread "G1 Service" [stack: 0x00007f314fafb000,0x00007f314fbfb000] [id=1145450]

=>0x00007f3178024280 (exited) JavaThread "Unknown thread" [_thread_in_vm, id=1145445, stack(0x00007f317e3f4000,0x00007f317e4f4000)]

Threads with active compile tasks:

VM state: not at safepoint (not fully initialized)

VM Mutex/Monitor currently owned by a thread:  ([mutex/lock_event])
[0x00007f3178020b10] Module_lock - owner thread: 0x00007f3178024280

Heap address: 0x0000000706800000, size: 3992 MB, Compressed Oops mode: Zero based, Oop shift amount: 3

CDS archive(s) not mapped
Compressed class space mapped at: 0x0000000800000000-0x0000000840000000, reserved size: 1073741824
Narrow klass base: 0x0000000800000000, Narrow klass shift: 0, Narrow klass range: 0x40000000

GC Precious Log:
 CPUs: 8 total, 8 available
 Memory: 15962M
 Large Page Support: Disabled
 NUMA Support: Disabled
 Compressed Oops: Enabled (Zero based)
 Heap Region Size: 2M
 Heap Min Capacity: 8M
 Heap Initial Capacity: 8M
 Heap Max Capacity: 3992M
 Pre-touch: Disabled
 Parallel Workers: 8
 Concurrent Workers: 2
 Concurrent Refinement Workers: 8
 Periodic GC: Disabled

Heap:
 garbage-first heap   total 8192K, used 0K [0x0000000706800000, 0x0000000800000000)
  region size 2048K, 1 young (2048K), 0 survivors (0K)
 Metaspace       used 997K, committed 1088K, reserved 1056768K
  class space    used 85K, committed 128K, reserved 1048576K

Heap Regions: E=young(eden), S=young(survivor), O=old, HS=humongous(starts), HC=humongous(continues), CS=collection set, F=free, OA=open archive, CA=closed archive, TAMS=top-at-mark-start (previous, next)
|   0|0x0000000706800000, 0x0000000706800000, 0x0000000706a00000|  0%| F|  |TAMS 0x0000000706800000, 0x0000000706800000| Untracked 
|   1|0x0000000706a00000, 0x0000000706a00000, 0x0000000706c00000|  0%| F|  |TAMS 0x0000000706a00000, 0x0000000706a00000| Untracked 
|   2|0x0000000706c00000, 0x0000000706c00000, 0x0000000706e00000|  0%| F|  |TAMS 0x0000000706c00000, 0x0000000706c00000| Untracked 
|   3|0x0000000706e00000, 0x0000000706e0a440, 0x0000000707000000|  2%| E|  |TAMS 0x0000000706e00000, 0x0000000706e00000| Complete 

Card table byte_map: [0x00007f317ca49000,0x00007f317d215000] _byte_map_base: 0x00007f3179215000

Marking Bits (Prev, Next): (CMBitMap*) 0x00007f3178090670, (CMBitMap*) 0x00007f31780906b0
 Prev Bits: [0x00007f3162592000, 0x00007f31663f2000)
 Next Bits: [0x00007f315e732000, 0x00007f3162592000)

GC Heap History (0 events):
No events

Deoptimization events (0 events):
No events

Classes unloaded (0 events):
No events

Classes redefined (0 events):
No events

Internal exceptions (0 events):
No events

VM Operations (0 events):
No events

Events (20 events):
Event: 0.039 loading class java/util/AbstractCollection
Event: 0.039 loading class java/util/AbstractCollection done
Event: 0.039 loading class java/util/AbstractList done
Event: 0.039 loading class java/util/ArrayList done
Event: 0.039 loading class java/lang/StackTraceElement
Event: 0.039 loading class java/lang/StackTraceElement done
Event: 0.039 loading class java/nio/Buffer
Event: 0.039 loading class java/nio/Buffer done
Event: 0.039 loading class java/lang/StackWalker
Event: 0.039 loading class java/lang/StackWalker done
Event: 0.039 loading class java/lang/StackStreamFactory$AbstractStackWalker
Event: 0.040 loading class java/lang/StackStreamFactory$AbstractStackWalker done
Event: 0.040 loading class java/lang/StackFrameInfo
Event: 0.040 loading class java/lang/StackWalker$StackFrame
Event: 0.040 loading class java/lang/StackWalker$StackFrame done
Event: 0.040 loading class java/lang/StackFrameInfo done
Event: 0.040 loading class java/lang/LiveStackFrameInfo
Event: 0.040 loading class java/lang/LiveStackFrame
Event: 0.040 loading class java/lang/LiveStackFrame done
Event: 0.040 loading class java/lang/LiveStackFrameInfo done


Dynamic libraries:
706800000-707000000 rw-p 00000000 00:00 0 
707000000-800040000 ---p 00000000 00:00 0 
800040000-800060000 rw-p 00000000 00:00 0 
800060000-840000000 ---p 00000000 00:00 0 
5582db5f5000-5582db5f6000 r--p 00000000 00:1b 2146663                    /home/guaruda/.vscode/extensions/redhat.java-1.7.0-linux-x64/jre/17.0.3-linux-x86_64/bin/jcmd
5582db5f6000-5582db5f7000 r-xp 00001000 00:1b 2146663                    /home/guaruda/.vscode/extensions/redhat.java-1.7.0-linux-x64/jre/17.0.3-linux-x86_64/bin/jcmd
5582db5f7000-5582db5f8000 r--p 00002000 00:1b 2146663                    /home/guaruda/.vscode/extensions/redhat.java-1.7.0-linux-x64/jre/17.0.3-linux-x86_64/bin/jcmd
5582db5f8000-5582db5f9000 r--p 00002000 00:1b 2146663                    /home/guaruda/.vscode/extensions/redhat.java-1.7.0-linux-x64/jre/17.0.3-linux-x86_64/bin/jcmd
5582db5f9000-5582db5fa000 rw-p 00003000 00:1b 2146663                    /home/guaruda/.vscode/extensions/redhat.java-1.7.0-linux-x64/jre/17.0.3-linux-x86_64/bin/jcmd
5582dbac3000-5582dbae4000 rw-p 00000000 00:00 0                          [heap]
7f3140000000-7f3140021000 rw-p 00000000 00:00 0 
7f3140021000-7f3144000000 ---p 00000000 00:00 0 
7f3148000000-7f3148021000 rw-p 00000000 00:00 0 
7f3148021000-7f314c000000 ---p 00000000 00:00 0 
7f314ed6b000-7f314f0f0000 rw-p 00000000 00:00 0 
7f314f0f0000-7f314f800000 ---p 00000000 00:00 0 
7f314f922000-7f314faf9000 rw-p 00000000 00:00 0 
7f314faf9000-7f314fafa000 ---p 00000000 00:00 0 
7f314fafa000-7f314fbfb000 rw-p 00000000 00:00 0 
7f314fbfb000-7f314fbfc000 ---p 00000000 00:00 0 
7f314fbfc000-7f3150000000 rw-p 00000000 00:00 0 
7f3150000000-7f3150021000 rw-p 00000000 00:00 0 
7f3150021000-7f3154000000 ---p 00000000 00:00 0 
7f3154000000-7f3154021000 rw-p 00000000 00:00 0 
7f3154021000-7f3158000000 ---p 00000000 00:00 0 
7f3158000000-7f3158021000 rw-p 00000000 00:00 0 
7f3158021000-7f315c000000 ---p 00000000 00:00 0 
7f315c029000-7f315e52e000 rw-p 00000000 00:00 0 
7f315e52e000-7f315e52f000 ---p 00000000 00:00 0 
7f315e52f000-7f315e630000 rw-p 00000000 00:00 0 
7f315e630000-7f315e631000 ---p 00000000 00:00 0 
7f315e631000-7f315e752000 rw-p 00000000 00:00 0 
7f315e752000-7f3162592000 ---p 00000000 00:00 0 
7f3162592000-7f31625b2000 rw-p 00000000 00:00 0 
7f31625b2000-7f31663f2000 ---p 00000000 00:00 0 
7f31663f2000-7f3166662000 rwxp 00000000 00:00 0 
7f3166662000-7f3166984000 ---p 00000000 00:00 0 
7f3166984000-7f3166bf4000 rwxp 00000000 00:00 0 
7f3166bf4000-7f316debb000 ---p 00000000 00:00 0 
7f316debb000-7f316e12b000 rwxp 00000000 00:00 0 
7f316e12b000-7f31753f2000 ---p 00000000 00:00 0 
7f31753f2000-7f3178000000 r--s 00000000 00:1b 2147669                    /home/guaruda/.vscode/extensions/redhat.java-1.7.0-linux-x64/jre/17.0.3-linux-x86_64/lib/modules
7f3178000000-7f3178145000 rw-p 00000000 00:00 0 
7f3178145000-7f317c000000 ---p 00000000 00:00 0 
7f317c054000-7f317c056000 r--p 00000000 00:1b 2147667                    /home/guaruda/.vscode/extensions/redhat.java-1.7.0-linux-x64/jre/17.0.3-linux-x86_64/lib/libzip.so
7f317c056000-7f317c05a000 r-xp 00002000 00:1b 2147667                    /home/guaruda/.vscode/extensions/redhat.java-1.7.0-linux-x64/jre/17.0.3-linux-x86_64/lib/libzip.so
7f317c05a000-7f317c05c000 r--p 00006000 00:1b 2147667                    /home/guaruda/.vscode/extensions/redhat.java-1.7.0-linux-x64/jre/17.0.3-linux-x86_64/lib/libzip.so
7f317c05c000-7f317c05d000 r--p 00007000 00:1b 2147667                    /home/guaruda/.vscode/extensions/redhat.java-1.7.0-linux-x64/jre/17.0.3-linux-x86_64/lib/libzip.so
7f317c05d000-7f317c05e000 rw-p 00008000 00:1b 2147667                    /home/guaruda/.vscode/extensions/redhat.java-1.7.0-linux-x64/jre/17.0.3-linux-x86_64/lib/libzip.so
7f317c05e000-7f317c0fa000 rw-p 00000000 00:00 0 
7f317c0fa000-7f317c0fb000 ---p 00000000 00:00 0 
7f317c0fb000-7f317c281000 rw-p 00000000 00:00 0 
7f317c281000-7f317ca49000 ---p 00000000 00:00 0 
7f317ca49000-7f317ca4d000 rw-p 00000000 00:00 0 
7f317ca4d000-7f317d215000 ---p 00000000 00:00 0 
7f317d215000-7f317d219000 rw-p 00000000 00:00 0 
7f317d219000-7f317d9e1000 ---p 00000000 00:00 0 
7f317d9e1000-7f317e1ee000 rw-p 00000000 00:00 0 
7f317e1ee000-7f317e2d4000 ---p 00000000 00:00 0 
7f317e2d4000-7f317e2d9000 rw-p 00000000 00:00 0 
7f317e2d9000-7f317e3bf000 ---p 00000000 00:00 0 
7f317e3bf000-7f317e3c4000 rw-p 00000000 00:00 0 
7f317e3c4000-7f317e3cb000 ---p 00000000 00:00 0 
7f317e3cb000-7f317e3d8000 r--p 00000000 00:1b 2147568                    /home/guaruda/.vscode/extensions/redhat.java-1.7.0-linux-x64/jre/17.0.3-linux-x86_64/lib/libjava.so
7f317e3d8000-7f317e3ea000 r-xp 0000d000 00:1b 2147568                    /home/guaruda/.vscode/extensions/redhat.java-1.7.0-linux-x64/jre/17.0.3-linux-x86_64/lib/libjava.so
7f317e3ea000-7f317e3f0000 r--p 0001f000 00:1b 2147568                    /home/guaruda/.vscode/extensions/redhat.java-1.7.0-linux-x64/jre/17.0.3-linux-x86_64/lib/libjava.so
7f317e3f0000-7f317e3f1000 ---p 00025000 00:1b 2147568                    /home/guaruda/.vscode/extensions/redhat.java-1.7.0-linux-x64/jre/17.0.3-linux-x86_64/lib/libjava.so
7f317e3f1000-7f317e3f2000 r--p 00025000 00:1b 2147568                    /home/guaruda/.vscode/extensions/redhat.java-1.7.0-linux-x64/jre/17.0.3-linux-x86_64/lib/libjava.so
7f317e3f2000-7f317e3f3000 rw-p 00026000 00:1b 2147568                    /home/guaruda/.vscode/extensions/redhat.java-1.7.0-linux-x64/jre/17.0.3-linux-x86_64/lib/libjava.so
7f317e3f3000-7f317e3f4000 rw-p 00000000 00:00 0 
7f317e3f4000-7f317e3f8000 ---p 00000000 00:00 0 
7f317e3f8000-7f317e4f4000 rw-p 00000000 00:00 0 
7f317e4f4000-7f317e504000 r--p 00000000 00:1b 9268                       /usr/lib/libm.so.6
7f317e504000-7f317e57e000 r-xp 00010000 00:1b 9268                       /usr/lib/libm.so.6
7f317e57e000-7f317e5da000 r--p 0008a000 00:1b 9268                       /usr/lib/libm.so.6
7f317e5da000-7f317e5db000 r--p 000e5000 00:1b 9268                       /usr/lib/libm.so.6
7f317e5db000-7f317e5dc000 rw-p 000e6000 00:1b 9268                       /usr/lib/libm.so.6
7f317e5dc000-7f317e5dd000 r--p 00000000 00:1b 9379                       /usr/lib/librt.so.1
7f317e5dd000-7f317e5de000 r-xp 00001000 00:1b 9379                       /usr/lib/librt.so.1
7f317e5de000-7f317e5df000 r--p 00002000 00:1b 9379                       /usr/lib/librt.so.1
7f317e5df000-7f317e5e0000 r--p 00002000 00:1b 9379                       /usr/lib/librt.so.1
7f317e5e0000-7f317e5e1000 rw-p 00003000 00:1b 9379                       /usr/lib/librt.so.1
7f317e5e1000-7f317e832000 r--p 00000000 00:1b 2148659                    /home/guaruda/.vscode/extensions/redhat.java-1.7.0-linux-x64/jre/17.0.3-linux-x86_64/lib/server/libjvm.so
7f317e832000-7f317f547000 r-xp 00251000 00:1b 2148659                    /home/guaruda/.vscode/extensions/redhat.java-1.7.0-linux-x64/jre/17.0.3-linux-x86_64/lib/server/libjvm.so
7f317f547000-7f317f7d2000 r--p 00f66000 00:1b 2148659                    /home/guaruda/.vscode/extensions/redhat.java-1.7.0-linux-x64/jre/17.0.3-linux-x86_64/lib/server/libjvm.so
7f317f7d2000-7f317f7d3000 ---p 011f1000 00:1b 2148659                    /home/guaruda/.vscode/extensions/redhat.java-1.7.0-linux-x64/jre/17.0.3-linux-x86_64/lib/server/libjvm.so
7f317f7d3000-7f317f88c000 r--p 011f1000 00:1b 2148659                    /home/guaruda/.vscode/extensions/redhat.java-1.7.0-linux-x64/jre/17.0.3-linux-x86_64/lib/server/libjvm.so
7f317f88c000-7f317f8c1000 rw-p 012aa000 00:1b 2148659                    /home/guaruda/.vscode/extensions/redhat.java-1.7.0-linux-x64/jre/17.0.3-linux-x86_64/lib/server/libjvm.so
7f317f8c1000-7f317f91e000 rw-p 00000000 00:00 0 
7f317f91e000-7f317f94a000 r--p 00000000 00:1b 9117                       /usr/lib/libc.so.6
7f317f94a000-7f317fac0000 r-xp 0002c000 00:1b 9117                       /usr/lib/libc.so.6
7f317fac0000-7f317fb14000 r--p 001a2000 00:1b 9117                       /usr/lib/libc.so.6
7f317fb14000-7f317fb15000 ---p 001f6000 00:1b 9117                       /usr/lib/libc.so.6
7f317fb15000-7f317fb18000 r--p 001f6000 00:1b 9117                       /usr/lib/libc.so.6
7f317fb18000-7f317fb1b000 rw-p 001f9000 00:1b 9117                       /usr/lib/libc.so.6
7f317fb1b000-7f317fb28000 rw-p 00000000 00:00 0 
7f317fb28000-7f317fb29000 r--p 00000000 00:1b 9146                       /usr/lib/libdl.so.2
7f317fb29000-7f317fb2a000 r-xp 00001000 00:1b 9146                       /usr/lib/libdl.so.2
7f317fb2a000-7f317fb2b000 r--p 00002000 00:1b 9146                       /usr/lib/libdl.so.2
7f317fb2b000-7f317fb2c000 r--p 00002000 00:1b 9146                       /usr/lib/libdl.so.2
7f317fb2c000-7f317fb2d000 rw-p 00003000 00:1b 9146                       /usr/lib/libdl.so.2
7f317fb2d000-7f317fb2e000 r--p 00000000 00:1b 9368                       /usr/lib/libpthread.so.0
7f317fb2e000-7f317fb2f000 r-xp 00001000 00:1b 9368                       /usr/lib/libpthread.so.0
7f317fb2f000-7f317fb30000 r--p 00002000 00:1b 9368                       /usr/lib/libpthread.so.0
7f317fb30000-7f317fb31000 r--p 00002000 00:1b 9368                       /usr/lib/libpthread.so.0
7f317fb31000-7f317fb32000 rw-p 00003000 00:1b 9368                       /usr/lib/libpthread.so.0
7f317fb32000-7f317fb35000 r--p 00000000 00:1b 2147595                    /home/guaruda/.vscode/extensions/redhat.java-1.7.0-linux-x64/jre/17.0.3-linux-x86_64/lib/libjli.so
7f317fb35000-7f317fb3f000 r-xp 00003000 00:1b 2147595                    /home/guaruda/.vscode/extensions/redhat.java-1.7.0-linux-x64/jre/17.0.3-linux-x86_64/lib/libjli.so
7f317fb3f000-7f317fb42000 r--p 0000d000 00:1b 2147595                    /home/guaruda/.vscode/extensions/redhat.java-1.7.0-linux-x64/jre/17.0.3-linux-x86_64/lib/libjli.so
7f317fb42000-7f317fb43000 ---p 00010000 00:1b 2147595                    /home/guaruda/.vscode/extensions/redhat.java-1.7.0-linux-x64/jre/17.0.3-linux-x86_64/lib/libjli.so
7f317fb43000-7f317fb44000 r--p 00010000 00:1b 2147595                    /home/guaruda/.vscode/extensions/redhat.java-1.7.0-linux-x64/jre/17.0.3-linux-x86_64/lib/libjli.so
7f317fb44000-7f317fb45000 rw-p 00011000 00:1b 2147595                    /home/guaruda/.vscode/extensions/redhat.java-1.7.0-linux-x64/jre/17.0.3-linux-x86_64/lib/libjli.so
7f317fb45000-7f317fb48000 r--p 00000000 00:1b 336508                     /usr/lib/libz.so.1.2.12
7f317fb48000-7f317fb56000 r-xp 00003000 00:1b 336508                     /usr/lib/libz.so.1.2.12
7f317fb56000-7f317fb5d000 r--p 00011000 00:1b 336508                     /usr/lib/libz.so.1.2.12
7f317fb5d000-7f317fb5e000 r--p 00017000 00:1b 336508                     /usr/lib/libz.so.1.2.12
7f317fb5e000-7f317fb5f000 rw-p 00018000 00:1b 336508                     /usr/lib/libz.so.1.2.12
7f317fb68000-7f317fb70000 rw-s 00000000 00:2e 23032                      /tmp/hsperfdata_guaruda/1145444
7f317fb70000-7f317fb71000 ---p 00000000 00:00 0 
7f317fb71000-7f317fb72000 r--p 00000000 00:00 0 
7f317fb72000-7f317fb76000 r--p 00000000 00:1b 2147590                    /home/guaruda/.vscode/extensions/redhat.java-1.7.0-linux-x64/jre/17.0.3-linux-x86_64/lib/libjimage.so
7f317fb76000-7f317fb89000 r-xp 00004000 00:1b 2147590                    /home/guaruda/.vscode/extensions/redhat.java-1.7.0-linux-x64/jre/17.0.3-linux-x86_64/lib/libjimage.so
7f317fb89000-7f317fb8f000 r--p 00017000 00:1b 2147590                    /home/guaruda/.vscode/extensions/redhat.java-1.7.0-linux-x64/jre/17.0.3-linux-x86_64/lib/libjimage.so
7f317fb8f000-7f317fb91000 r--p 0001c000 00:1b 2147590                    /home/guaruda/.vscode/extensions/redhat.java-1.7.0-linux-x64/jre/17.0.3-linux-x86_64/lib/libjimage.so
7f317fb91000-7f317fb92000 rw-p 0001e000 00:1b 2147590                    /home/guaruda/.vscode/extensions/redhat.java-1.7.0-linux-x64/jre/17.0.3-linux-x86_64/lib/libjimage.so
7f317fb92000-7f317fb94000 rw-p 00000000 00:00 0 
7f317fb94000-7f317fb96000 r--p 00000000 00:1b 9066                       /usr/lib/ld-linux-x86-64.so.2
7f317fb96000-7f317fbbd000 r-xp 00002000 00:1b 9066                       /usr/lib/ld-linux-x86-64.so.2
7f317fbbd000-7f317fbc8000 r--p 00029000 00:1b 9066                       /usr/lib/ld-linux-x86-64.so.2
7f317fbc8000-7f317fbc9000 ---p 00000000 00:00 0 
7f317fbc9000-7f317fbcb000 r--p 00034000 00:1b 9066                       /usr/lib/ld-linux-x86-64.so.2
7f317fbcb000-7f317fbcd000 rw-p 00036000 00:1b 9066                       /usr/lib/ld-linux-x86-64.so.2
7ffc92480000-7ffc924a1000 rw-p 00000000 00:00 0                          [stack]
7ffc92543000-7ffc92547000 r--p 00000000 00:00 0                          [vvar]
7ffc92547000-7ffc92549000 r-xp 00000000 00:00 0                          [vdso]
ffffffffff600000-ffffffffff601000 --xp 00000000 00:00 0                  [vsyscall]


VM Arguments:
jvm_args: -Dapplication.home=/home/guaruda/.vscode/extensions/redhat.java-1.7.0-linux-x64/jre/17.0.3-linux-x86_64 -Xms8m -Djdk.module.main=jdk.jcmd 
java_command: jdk.jcmd/sun.tools.jcmd.JCmd 1131948 VM.uptime
java_class_path (initial): <not set>
Launcher Type: SUN_STANDARD

[Global flags]
     intx CICompilerCount                          = 4                                         {product} {ergonomic}
     uint ConcGCThreads                            = 2                                         {product} {ergonomic}
     uint G1ConcRefinementThreads                  = 8                                         {product} {ergonomic}
   size_t G1HeapRegionSize                         = 2097152                                   {product} {ergonomic}
    uintx GCDrainStackTargetSize                   = 64                                        {product} {ergonomic}
   size_t InitialHeapSize                          = 8388608                                   {product} {command line}
   size_t MarkStackSize                            = 4194304                                   {product} {ergonomic}
   size_t MaxHeapSize                              = 4185915392                                {product} {ergonomic}
   size_t MaxNewSize                               = 2510290944                                {product} {ergonomic}
   size_t MinHeapDeltaBytes                        = 2097152                                   {product} {ergonomic}
   size_t MinHeapSize                              = 8388608                                   {product} {command line}
    uintx NonNMethodCodeHeapSize                   = 5839372                                {pd product} {ergonomic}
    uintx NonProfiledCodeHeapSize                  = 122909434                              {pd product} {ergonomic}
    uintx ProfiledCodeHeapSize                     = 122909434                              {pd product} {ergonomic}
    uintx ReservedCodeCacheSize                    = 251658240                              {pd product} {ergonomic}
     bool SegmentedCodeCache                       = true                                      {product} {ergonomic}
   size_t SoftMaxHeapSize                          = 4185915392                             {manageable} {ergonomic}
     bool UseCompressedClassPointers               = true                           {product lp64_product} {ergonomic}
     bool UseCompressedOops                        = true                           {product lp64_product} {ergonomic}
     bool UseG1GC                                  = true                                      {product} {ergonomic}

Logging:
Log output configuration:
 #0: stdout all=warning uptime,level,tags
 #1: stderr all=off uptime,level,tags

Environment Variables:
PATH=/usr/local/bin:/usr/bin:/home/guaruda/HD1/code/JOX/flutter/bin:/home/guaruda/HD1/scripts:/home/guaruda/flutter/.pub-cache/bin
SHELL=/bin/bash
DISPLAY=:0.0
LANG=pt_BR.UTF-8

Signal Handlers:
   SIGSEGV: crash_handler in libjvm.so, mask=11100100010111111101111111111110, flags=SA_RESTART|SA_SIGINFO
    SIGBUS: crash_handler in libjvm.so, mask=11100100010111111101111111111110, flags=SA_RESTART|SA_SIGINFO
    SIGFPE: crash_handler in libjvm.so, mask=11100100010111111101111111111110, flags=SA_RESTART|SA_SIGINFO
   SIGPIPE: javaSignalHandler in libjvm.so, mask=11100100010111111101111111111110, flags=SA_RESTART|SA_SIGINFO
   SIGXFSZ: javaSignalHandler in libjvm.so, mask=11100100010111111101111111111110, flags=SA_RESTART|SA_SIGINFO
    SIGILL: crash_handler in libjvm.so, mask=11100100010111111101111111111110, flags=SA_RESTART|SA_SIGINFO
   SIGUSR2: SR_handler in libjvm.so, mask=00000000000000000000000000000000, flags=SA_RESTART|SA_SIGINFO
    SIGHUP: SIG_DFL, mask=00000000000000000000000000000000, flags=none
    SIGINT: SIG_DFL, mask=00000000000000000000000000000000, flags=none
   SIGTERM: SIG_DFL, mask=00000000000000000000000000000000, flags=none
   SIGQUIT: javaSignalHandler in libjvm.so, mask=11100100010111111101111111111110, flags=SA_RESTART|SA_SIGINFO
   SIGTRAP: crash_handler in libjvm.so, mask=11100100010111111101111111111110, flags=SA_RESTART|SA_SIGINFO


---------------  S Y S T E M  ---------------

OS:
DISTRIB_ID=Garuda
DISTRIB_RELEASE=Soaring
DISTRIB_DESCRIPTION="Garuda Linux"
DISTRIB_CODENAME="Talon"
uname: Linux 5.15.35-1-lts #1 SMP Wed, 20 Apr 2022 11:49:16 +0000 x86_64
OS uptime: 0 days 8:36 hours
libc: glibc 2.35 NPTL 2.35 
rlimit (soft/hard): STACK 8192k/infinity , CORE infinity/infinity , NPROC 1048576/1048576 , NOFILE 1048576/1048576 , AS infinity/infinity , CPU infinity/infinity , DATA infinity/infinity , FSIZE infinity/infinity , MEMLOCK infinity/infinity
load average: 1.96 1.40 1.77

/proc/meminfo:
MemTotal:       16345460 kB
MemFree:         1260660 kB
MemAvailable:   10141352 kB
Buffers:           13824 kB
Cached:          9292524 kB
SwapCached:          456 kB
Active:          5652100 kB
Inactive:        8504232 kB
Active(anon):     154888 kB
Inactive(anon):  5031872 kB
Active(file):    5497212 kB
Inactive(file):  3472360 kB
Unevictable:         280 kB
Mlocked:             280 kB
SwapTotal:      16345084 kB
SwapFree:       16038652 kB
Dirty:              3328 kB
Writeback:            36 kB
AnonPages:       4850028 kB
Mapped:          1145304 kB
Shmem:            336776 kB
KReclaimable:     248560 kB
Slab:             463644 kB
SReclaimable:     248560 kB
SUnreclaim:       215084 kB
KernelStack:       18768 kB
PageTables:        56804 kB
NFS_Unstable:          0 kB
Bounce:                0 kB
WritebackTmp:          0 kB
CommitLimit:    24517812 kB
Committed_AS:   15825960 kB
VmallocTotal:   34359738367 kB
VmallocUsed:      161332 kB
VmallocChunk:          0 kB
Percpu:             5792 kB
HardwareCorrupted:     0 kB
AnonHugePages:         0 kB
ShmemHugePages:        0 kB
ShmemPmdMapped:        0 kB
FileHugePages:         0 kB
FilePmdMapped:         0 kB
CmaTotal:              0 kB
CmaFree:               0 kB
HugePages_Total:       0
HugePages_Free:        0
HugePages_Rsvd:        0
HugePages_Surp:        0
Hugepagesize:       2048 kB
Hugetlb:               0 kB
DirectMap4k:     1610900 kB
DirectMap2M:    14077952 kB
DirectMap1G:     1048576 kB

/sys/kernel/mm/transparent_hugepage/enabled: always [madvise] never
/sys/kernel/mm/transparent_hugepage/defrag (defrag/compaction efforts parameter): always defer defer+madvise [madvise] never

Process Memory:
Virtual Size: 6067228K (peak: 6067272K)
Resident Set Size: 25516K (peak: 25516K) (anon: 8620K, file: 16864K, shmem: 32K)
Swapped out: 0K
C-Heap outstanding allocations: 1374K

/proc/sys/kernel/threads-max (system-wide limit on the number of threads): 127061
/proc/sys/vm/max_map_count (maximum number of memory map areas a process may have): 65530
/proc/sys/kernel/pid_max (system-wide limit on number of process identifiers): 4194304

container (cgroup) information:
container_type: cgroupv2
cpu_cpuset_cpus: not supported
cpu_memory_nodes: not supported
active_processor_count: 8
cpu_quota: not supported
cpu_period: not supported
cpu_shares: not supported
memory_limit_in_bytes: unlimited
memory_and_swap_limit_in_bytes: unlimited
memory_soft_limit_in_bytes: unlimited
memory_usage_in_bytes: 1602850816
memory_max_usage_in_bytes: not supported
maximum number of tasks: 19059
current number of tasks: 220

Steal ticks since vm start: 0
Steal ticks percentage since vm start:  0.000

CPU: total 8 (initial active 8) (4 cores per cpu, 2 threads per core) family 6 model 158 stepping 9 microcode 0xec, cx8, cmov, fxsr, ht, mmx, 3dnowpref, sse, sse2, sse3, ssse3, sse4.1, sse4.2, popcnt, lzcnt, tsc, tscinvbit, avx, avx2, aes, erms, clmul, bmi1, bmi2, adx, fma, vzeroupper, clflush, clflushopt
CPU Model and flags from /proc/cpuinfo:
model name	: Intel(R) Core(TM) i7-7700 CPU @ 3.60GHz
flags		: fpu vme de pse tsc msr pae mce cx8 apic sep mtrr pge mca cmov pat pse36 clflush dts acpi mmx fxsr sse sse2 ss ht tm pbe syscall nx pdpe1gb rdtscp lm constant_tsc art arch_perfmon pebs bts rep_good nopl xtopology nonstop_tsc cpuid aperfmperf pni pclmulqdq dtes64 monitor ds_cpl vmx smx est tm2 ssse3 sdbg fma cx16 xtpr pdcm pcid sse4_1 sse4_2 x2apic movbe popcnt tsc_deadline_timer aes xsave avx f16c rdrand lahf_lm abm 3dnowprefetch cpuid_fault invpcid_single pti ssbd ibrs ibpb stibp tpr_shadow vnmi flexpriority ept vpid ept_ad fsgsbase tsc_adjust bmi1 avx2 smep bmi2 erms invpcid mpx rdseed adx smap clflushopt intel_pt xsaveopt xsavec xgetbv1 xsaves dtherm ida arat pln pts hwp hwp_notify hwp_act_window hwp_epp md_clear flush_l1d arch_capabilities

Online cpus: 0-7
Offline cpus: 
BIOS frequency limitation: <Not Available>
Frequency switch latency (ns): 0
Available cpu frequencies: <Not Available>
Current governor: performance
Core performance/turbo boost: <Not Available>

Memory: 4k page, physical 16345460k(1260660k free), swap 16345084k(16038652k free)
Page Sizes: 4k

vm_info: OpenJDK 64-Bit Server VM (17.0.3+7) for linux-amd64 JRE (17.0.3+7), built on Apr 19 2022 21:30:15 by "" with gcc 10.3.0

END.
